<?xml version="1.0" encoding="UTF-8"?>
<!-- Generated by org.testng.reporters.JUnitReportReporter -->
<testsuite hostname="DESKTOP-MBP0EJ1" failures="0" tests="3" name="org.demo.B" time="0.011" errors="0" timestamp="31 Aug 2025 06:55:35 GMT" skipped="0">
  <testcase classname="org.demo.B" name="test5" time="0.002"/>
  <testcase classname="org.demo.B" name="test6" time="0.007"/>
  <testcase classname="org.demo.B" name="test4" time="0.002"/>
</testsuite> <!-- org.demo.B -->
