<?xml version="1.0" encoding="UTF-8"?>
<!-- Generated by org.testng.reporters.JUnitReportReporter -->
<testsuite hostname="DESKTOP-MBP0EJ1" failures="0" tests="1" name="org.demo.Execusion" time="6.275" errors="0" timestamp="31 Aug 2025 07:10:23 GMT" skipped="0">
  <testcase classname="org.demo.Execusion" name="test1" time="6.275"/>
</testsuite> <!-- org.demo.Execusion -->
